[INFO  - 2017-02-27T04:23:41.230Z] GhostDriver - Main - running on port 43692
[INFO  - 2017-02-27T04:23:41.527Z] Session [84dbeb20-fca4-11e6-bfbb-79f6481a897b] - page.settings - {"XSSAuditingEnabled":false,"javascriptCanCloseWindows":true,"javascriptCanOpenWindows":true,"javascriptEnabled":true,"loadImages":true,"localToRemoteUrlAccessEnabled":false,"userAgent":"Mozilla/5.0 (Macintosh; Intel Mac OS X) AppleWebKit/538.1 (KHTML, like Gecko) PhantomJS/2.1.1 Safari/538.1","webSecurityEnabled":true}
[INFO  - 2017-02-27T04:23:41.527Z] Session [84dbeb20-fca4-11e6-bfbb-79f6481a897b] - page.customHeaders:  - {}
[INFO  - 2017-02-27T04:23:41.527Z] Session [84dbeb20-fca4-11e6-bfbb-79f6481a897b] - Session.negotiatedCapabilities - {"browserName":"phantomjs","version":"2.1.1","driverName":"ghostdriver","driverVersion":"1.2.0","platform":"mac-unknown-64bit","javascriptEnabled":true,"takesScreenshot":true,"handlesAlerts":false,"databaseEnabled":false,"locationContextEnabled":false,"applicationCacheEnabled":false,"browserConnectionEnabled":false,"cssSelectorsEnabled":true,"webStorageEnabled":false,"rotatable":false,"acceptSslCerts":false,"nativeEvents":true,"proxy":{"proxyType":"direct"}}
[INFO  - 2017-02-27T04:23:41.527Z] SessionManagerReqHand - _postNewSessionCommand - New Session Created: 84dbeb20-fca4-11e6-bfbb-79f6481a897b
[INFO  - 2017-02-27T04:23:42.127Z] ShutdownReqHand - _handle - About to shutdown
[INFO  - 2017-02-27T04:35:45.456Z] GhostDriver - Main - running on port 15491
[INFO  - 2017-02-27T04:35:45.930Z] Session [34a33260-fca6-11e6-8482-754922aae156] - page.settings - {"XSSAuditingEnabled":false,"javascriptCanCloseWindows":true,"javascriptCanOpenWindows":true,"javascriptEnabled":true,"loadImages":true,"localToRemoteUrlAccessEnabled":false,"userAgent":"Mozilla/5.0 (Macintosh; Intel Mac OS X) AppleWebKit/538.1 (KHTML, like Gecko) PhantomJS/2.1.1 Safari/538.1","webSecurityEnabled":true}
[INFO  - 2017-02-27T04:35:45.930Z] Session [34a33260-fca6-11e6-8482-754922aae156] - page.customHeaders:  - {}
[INFO  - 2017-02-27T04:35:45.930Z] Session [34a33260-fca6-11e6-8482-754922aae156] - Session.negotiatedCapabilities - {"browserName":"phantomjs","version":"2.1.1","driverName":"ghostdriver","driverVersion":"1.2.0","platform":"mac-unknown-64bit","javascriptEnabled":true,"takesScreenshot":true,"handlesAlerts":false,"databaseEnabled":false,"locationContextEnabled":false,"applicationCacheEnabled":false,"browserConnectionEnabled":false,"cssSelectorsEnabled":true,"webStorageEnabled":false,"rotatable":false,"acceptSslCerts":false,"nativeEvents":true,"proxy":{"proxyType":"direct"}}
[INFO  - 2017-02-27T04:35:45.931Z] SessionManagerReqHand - _postNewSessionCommand - New Session Created: 34a33260-fca6-11e6-8482-754922aae156
[INFO  - 2017-02-27T04:35:46.598Z] ShutdownReqHand - _handle - About to shutdown
[INFO  - 2017-02-27T04:43:43.634Z] GhostDriver - Main - running on port 11987
[INFO  - 2017-02-27T04:43:43.904Z] Session [518816b0-fca7-11e6-93fb-cb9157eca131] - page.settings - {"XSSAuditingEnabled":false,"javascriptCanCloseWindows":true,"javascriptCanOpenWindows":true,"javascriptEnabled":true,"loadImages":true,"localToRemoteUrlAccessEnabled":false,"userAgent":"Mozilla/5.0 (Macintosh; Intel Mac OS X) AppleWebKit/538.1 (KHTML, like Gecko) PhantomJS/2.1.1 Safari/538.1","webSecurityEnabled":true}
[INFO  - 2017-02-27T04:43:43.904Z] Session [518816b0-fca7-11e6-93fb-cb9157eca131] - page.customHeaders:  - {}
[INFO  - 2017-02-27T04:43:43.904Z] Session [518816b0-fca7-11e6-93fb-cb9157eca131] - Session.negotiatedCapabilities - {"browserName":"phantomjs","version":"2.1.1","driverName":"ghostdriver","driverVersion":"1.2.0","platform":"mac-unknown-64bit","javascriptEnabled":true,"takesScreenshot":true,"handlesAlerts":false,"databaseEnabled":false,"locationContextEnabled":false,"applicationCacheEnabled":false,"browserConnectionEnabled":false,"cssSelectorsEnabled":true,"webStorageEnabled":false,"rotatable":false,"acceptSslCerts":false,"nativeEvents":true,"proxy":{"proxyType":"direct"}}
[INFO  - 2017-02-27T04:43:43.905Z] SessionManagerReqHand - _postNewSessionCommand - New Session Created: 518816b0-fca7-11e6-93fb-cb9157eca131
[INFO  - 2017-02-27T04:43:44.501Z] ShutdownReqHand - _handle - About to shutdown
[INFO  - 2017-02-27T05:05:08.056Z] GhostDriver - Main - running on port 45943
[INFO  - 2017-02-27T05:05:08.363Z] Session [4f20fa60-fcaa-11e6-9508-ebd56b5c8846] - page.settings - {"XSSAuditingEnabled":false,"javascriptCanCloseWindows":true,"javascriptCanOpenWindows":true,"javascriptEnabled":true,"loadImages":true,"localToRemoteUrlAccessEnabled":false,"userAgent":"Mozilla/5.0 (Macintosh; Intel Mac OS X) AppleWebKit/538.1 (KHTML, like Gecko) PhantomJS/2.1.1 Safari/538.1","webSecurityEnabled":true}
[INFO  - 2017-02-27T05:05:08.363Z] Session [4f20fa60-fcaa-11e6-9508-ebd56b5c8846] - page.customHeaders:  - {}
[INFO  - 2017-02-27T05:05:08.364Z] Session [4f20fa60-fcaa-11e6-9508-ebd56b5c8846] - Session.negotiatedCapabilities - {"browserName":"phantomjs","version":"2.1.1","driverName":"ghostdriver","driverVersion":"1.2.0","platform":"mac-unknown-64bit","javascriptEnabled":true,"takesScreenshot":true,"handlesAlerts":false,"databaseEnabled":false,"locationContextEnabled":false,"applicationCacheEnabled":false,"browserConnectionEnabled":false,"cssSelectorsEnabled":true,"webStorageEnabled":false,"rotatable":false,"acceptSslCerts":false,"nativeEvents":true,"proxy":{"proxyType":"direct"}}
[INFO  - 2017-02-27T05:05:08.364Z] SessionManagerReqHand - _postNewSessionCommand - New Session Created: 4f20fa60-fcaa-11e6-9508-ebd56b5c8846
[INFO  - 2017-02-27T05:05:09.093Z] ShutdownReqHand - _handle - About to shutdown
